{"/Users/mponsa/Documents/Projects/Own/okex-trading-bot/src/app/index.ts": {"path":"/Users/mponsa/Documents/Projects/Own/okex-trading-bot/src/app/index.ts","statementMap":{"0":{"start":{"line":1,"column":0},"end":{"line":1,"column":79}},"1":{"start":{"line":2,"column":0},"end":{"line":2,"column":42}},"2":{"start":{"line":4,"column":25},"end":{"line":4,"column":34}},"3":{"start":{"line":6,"column":0},"end":{"line":6,"column":94}},"4":{"start":{"line":6,"column":59},"end":{"line":6,"column":92}},"5":{"start":{"line":8,"column":0},"end":{"line":8,"column":119}},"6":{"start":{"line":8,"column":60},"end":{"line":8,"column":117}},"7":{"start":{"line":10,"column":0},"end":{"line":10,"column":119}},"8":{"start":{"line":10,"column":64},"end":{"line":10,"column":117}},"9":{"start":{"line":12,"column":0},"end":{"line":12,"column":124}},"10":{"start":{"line":12,"column":65},"end":{"line":12,"column":122}},"11":{"start":{"line":14,"column":13},"end":{"line":14,"column":null}}},"fnMap":{"0":{"name":"(anonymous_1)","decl":{"start":{"line":6,"column":17},"end":{"line":6,"column":18}},"loc":{"start":{"line":6,"column":59},"end":{"line":6,"column":92}}},"1":{"name":"(anonymous_2)","decl":{"start":{"line":8,"column":18},"end":{"line":8,"column":19}},"loc":{"start":{"line":8,"column":60},"end":{"line":8,"column":117}}},"2":{"name":"(anonymous_3)","decl":{"start":{"line":10,"column":22},"end":{"line":10,"column":23}},"loc":{"start":{"line":10,"column":64},"end":{"line":10,"column":117}}},"3":{"name":"(anonymous_4)","decl":{"start":{"line":12,"column":23},"end":{"line":12,"column":24}},"loc":{"start":{"line":12,"column":65},"end":{"line":12,"column":122}}}},"branchMap":{},"s":{"0":3,"1":3,"2":3,"3":3,"4":1,"5":3,"6":4,"7":3,"8":0,"9":3,"10":5,"11":3},"f":{"0":1,"1":4,"2":0,"3":5},"b":{}}
,"/Users/mponsa/Documents/Projects/Own/okex-trading-bot/src/config/index.ts": {"path":"/Users/mponsa/Documents/Projects/Own/okex-trading-bot/src/config/index.ts","statementMap":{"0":{"start":{"line":1,"column":0},"end":{"line":1,"column":33}},"1":{"start":{"line":2,"column":0},"end":{"line":2,"column":60}},"2":{"start":{"line":3,"column":0},"end":{"line":3,"column":63}},"3":{"start":{"line":4,"column":0},"end":{"line":4,"column":58}},"4":{"start":{"line":5,"column":0},"end":{"line":5,"column":57}},"5":{"start":{"line":6,"column":0},"end":{"line":6,"column":null}},"6":{"start":{"line":8,"column":23},"end":{"line":8,"column":127}},"7":{"start":{"line":9,"column":24},"end":{"line":9,"column":52}},"8":{"start":{"line":10,"column":22},"end":{"line":10,"column":78}},"9":{"start":{"line":11,"column":25},"end":{"line":11,"column":60}},"10":{"start":{"line":13,"column":13},"end":{"line":15,"column":null}}},"fnMap":{},"branchMap":{"0":{"loc":{"start":{"line":8,"column":49},"end":{"line":8,"column":68}},"type":"binary-expr","locations":[{"start":{"line":8,"column":49},"end":{"line":8,"column":68}},{"start":{"line":8,"column":72},"end":{"line":8,"column":74}}]},"1":{"loc":{"start":{"line":8,"column":75},"end":{"line":8,"column":97}},"type":"binary-expr","locations":[{"start":{"line":8,"column":75},"end":{"line":8,"column":97}},{"start":{"line":8,"column":101},"end":{"line":8,"column":103}}]},"2":{"loc":{"start":{"line":8,"column":104},"end":{"line":8,"column":120}},"type":"binary-expr","locations":[{"start":{"line":8,"column":104},"end":{"line":8,"column":120}},{"start":{"line":8,"column":124},"end":{"line":8,"column":126}}]}},"s":{"0":3,"1":3,"2":3,"3":3,"4":3,"5":3,"6":3,"7":3,"8":3,"9":3,"10":3},"f":{},"b":{"0":[3,0],"1":[3,0],"2":[3,0]}}
,"/Users/mponsa/Documents/Projects/Own/okex-trading-bot/src/controllers/trader/index.ts": {"path":"/Users/mponsa/Documents/Projects/Own/okex-trading-bot/src/controllers/trader/index.ts","statementMap":{"0":{"start":{"line":3,"column":0},"end":{"line":3,"column":41}},"1":{"start":{"line":8,"column":33},"end":{"line":8,"column":62}},"2":{"start":{"line":10,"column":4},"end":{"line":16,"column":null}},"3":{"start":{"line":11,"column":8},"end":{"line":13,"column":null}},"4":{"start":{"line":12,"column":12},"end":{"line":12,"column":null}},"5":{"start":{"line":15,"column":8},"end":{"line":15,"column":null}},"6":{"start":{"line":18,"column":4},"end":{"line":40,"column":null}},"7":{"start":{"line":19,"column":8},"end":{"line":22,"column":null}},"8":{"start":{"line":20,"column":12},"end":{"line":20,"column":70}},"9":{"start":{"line":21,"column":12},"end":{"line":21,"column":18}},"10":{"start":{"line":24,"column":35},"end":{"line":24,"column":49}},"11":{"start":{"line":25,"column":35},"end":{"line":25,"column":54}},"12":{"start":{"line":26,"column":30},"end":{"line":26,"column":44}},"13":{"start":{"line":27,"column":21},"end":{"line":27,"column":78}},"14":{"start":{"line":29,"column":8},"end":{"line":38,"column":null}},"15":{"start":{"line":30,"column":27},"end":{"line":30,"column":85}},"16":{"start":{"line":31,"column":12},"end":{"line":31,"column":41}},"17":{"start":{"line":31,"column":41},"end":{"line":31,"column":null}},"18":{"start":{"line":32,"column":12},"end":{"line":32,"column":19}},"19":{"start":{"line":34,"column":12},"end":{"line":36,"column":15}},"20":{"start":{"line":37,"column":12},"end":{"line":37,"column":19}},"21":{"start":{"line":42,"column":4},"end":{"line":53,"column":null}},"22":{"start":{"line":43,"column":33},"end":{"line":43,"column":46}},"23":{"start":{"line":45,"column":8},"end":{"line":52,"column":null}},"24":{"start":{"line":46,"column":27},"end":{"line":46,"column":73}},"25":{"start":{"line":47,"column":12},"end":{"line":47,"column":41}},"26":{"start":{"line":49,"column":12},"end":{"line":51,"column":15}},"27":{"start":{"line":55,"column":4},"end":{"line":65,"column":null}},"28":{"start":{"line":56,"column":33},"end":{"line":56,"column":46}},"29":{"start":{"line":57,"column":8},"end":{"line":64,"column":null}},"30":{"start":{"line":58,"column":27},"end":{"line":58,"column":69}},"31":{"start":{"line":59,"column":12},"end":{"line":59,"column":41}},"32":{"start":{"line":61,"column":12},"end":{"line":63,"column":15}},"33":{"start":{"line":6,"column":0},"end":{"line":6,"column":13}}},"fnMap":{"0":{"name":"(anonymous_0)","decl":{"start":{"line":8,"column":4},"end":{"line":8,"column":33}},"loc":{"start":{"line":8,"column":62},"end":{"line":8,"column":65}}},"1":{"name":"(anonymous_1)","decl":{"start":{"line":10,"column":22},"end":{"line":10,"column":23}},"loc":{"start":{"line":10,"column":37},"end":{"line":16,"column":5}}},"2":{"name":"(anonymous_2)","decl":{"start":{"line":18,"column":19},"end":{"line":18,"column":24}},"loc":{"start":{"line":18,"column":56},"end":{"line":40,"column":5}}},"3":{"name":"(anonymous_3)","decl":{"start":{"line":42,"column":19},"end":{"line":42,"column":24}},"loc":{"start":{"line":42,"column":56},"end":{"line":53,"column":5}}},"4":{"name":"(anonymous_4)","decl":{"start":{"line":55,"column":15},"end":{"line":55,"column":20}},"loc":{"start":{"line":55,"column":52},"end":{"line":65,"column":5}}}},"branchMap":{"0":{"loc":{"start":{"line":11,"column":8},"end":{"line":13,"column":null}},"type":"if","locations":[{"start":{"line":11,"column":8},"end":{"line":13,"column":null}},{"start":{"line":11,"column":8},"end":{"line":13,"column":null}}]},"1":{"loc":{"start":{"line":11,"column":11},"end":{"line":11,"column":22}},"type":"binary-expr","locations":[{"start":{"line":11,"column":11},"end":{"line":11,"column":22}},{"start":{"line":11,"column":26},"end":{"line":11,"column":42}},{"start":{"line":11,"column":46},"end":{"line":11,"column":57}}]},"2":{"loc":{"start":{"line":19,"column":8},"end":{"line":22,"column":null}},"type":"if","locations":[{"start":{"line":19,"column":8},"end":{"line":22,"column":null}},{"start":{"line":19,"column":8},"end":{"line":22,"column":null}}]},"3":{"loc":{"start":{"line":34,"column":36},"end":{"line":34,"column":54}},"type":"cond-expr","locations":[{"start":{"line":34,"column":36},"end":{"line":34,"column":54}},{"start":{"line":34,"column":57},"end":{"line":34,"column":60}}]},"4":{"loc":{"start":{"line":49,"column":36},"end":{"line":49,"column":54}},"type":"cond-expr","locations":[{"start":{"line":49,"column":36},"end":{"line":49,"column":54}},{"start":{"line":49,"column":57},"end":{"line":49,"column":60}}]},"5":{"loc":{"start":{"line":61,"column":36},"end":{"line":61,"column":54}},"type":"cond-expr","locations":[{"start":{"line":61,"column":36},"end":{"line":61,"column":54}},{"start":{"line":61,"column":57},"end":{"line":61,"column":60}}]}},"s":{"0":3,"1":3,"2":3,"3":4,"4":1,"5":3,"6":3,"7":4,"8":1,"9":1,"10":3,"11":3,"12":3,"13":3,"14":3,"15":3,"16":2,"17":2,"18":2,"19":1,"20":1,"21":3,"22":5,"23":5,"24":5,"25":1,"26":4,"27":3,"28":0,"29":0,"30":0,"31":0,"32":0,"33":3},"f":{"0":3,"1":4,"2":4,"3":5,"4":0},"b":{"0":[1,3],"1":[4,3,3],"2":[1,3],"3":[1,0],"4":[3,1],"5":[0,0]}}
,"/Users/mponsa/Documents/Projects/Own/okex-trading-bot/src/db/index.ts": {"path":"/Users/mponsa/Documents/Projects/Own/okex-trading-bot/src/db/index.ts","statementMap":{"0":{"start":{"line":1,"column":0},"end":{"line":1,"column":33}},"1":{"start":{"line":2,"column":0},"end":{"line":2,"column":36}},"2":{"start":{"line":3,"column":0},"end":{"line":3,"column":16}},"3":{"start":{"line":5,"column":11},"end":{"line":5,"column":19}},"4":{"start":{"line":6,"column":17},"end":{"line":6,"column":43}},"5":{"start":{"line":7,"column":17},"end":{"line":7,"column":43}},"6":{"start":{"line":9,"column":13},"end":{"line":14,"column":3}},"7":{"start":{"line":16,"column":0},"end":{"line":16,"column":25}}},"fnMap":{},"branchMap":{"0":{"loc":{"start":{"line":6,"column":17},"end":{"line":6,"column":37}},"type":"binary-expr","locations":[{"start":{"line":6,"column":17},"end":{"line":6,"column":37}},{"start":{"line":6,"column":41},"end":{"line":6,"column":43}}]},"1":{"loc":{"start":{"line":7,"column":17},"end":{"line":7,"column":37}},"type":"binary-expr","locations":[{"start":{"line":7,"column":17},"end":{"line":7,"column":37}},{"start":{"line":7,"column":41},"end":{"line":7,"column":43}}]},"2":{"loc":{"start":{"line":10,"column":49},"end":{"line":10,"column":60}},"type":"cond-expr","locations":[{"start":{"line":10,"column":49},"end":{"line":10,"column":60}},{"start":{"line":10,"column":62},"end":{"line":10,"column":73}}]}},"s":{"0":3,"1":3,"2":3,"3":3,"4":3,"5":3,"6":3,"7":3},"f":{},"b":{"0":[3,0],"1":[3,0],"2":[0,3]}}
,"/Users/mponsa/Documents/Projects/Own/okex-trading-bot/src/domain/constants.ts": {"path":"/Users/mponsa/Documents/Projects/Own/okex-trading-bot/src/domain/constants.ts","statementMap":{"0":{"start":{"line":2,"column":0},"end":{"line":2,"column":null}},"1":{"start":{"line":3,"column":4},"end":{"line":3,"column":55}}},"fnMap":{"0":{"name":"(anonymous_0)","decl":{"start":{"line":2,"column":0},"end":{"line":2,"column":12}},"loc":{"start":{"line":2,"column":21},"end":{"line":4,"column":1}}}},"branchMap":{"0":{"loc":{"start":{"line":3,"column":16},"end":{"line":3,"column":45}},"type":"binary-expr","locations":[{"start":{"line":3,"column":16},"end":{"line":3,"column":45}},{"start":{"line":3,"column":49},"end":{"line":3,"column":54}}]},"1":{"loc":{"start":{"line":2,"column":12},"end":{"line":2,"column":21}},"type":"binary-expr","locations":[{"start":{"line":2,"column":12},"end":{"line":2,"column":21}},{"start":{"line":2,"column":12},"end":{"line":2,"column":null}}]}},"s":{"0":3,"1":3},"f":{"0":3},"b":{"0":[3,0],"1":[3,3]}}
,"/Users/mponsa/Documents/Projects/Own/okex-trading-bot/src/domain/errors.ts": {"path":"/Users/mponsa/Documents/Projects/Own/okex-trading-bot/src/domain/errors.ts","statementMap":{"0":{"start":{"line":5,"column":12},"end":{"line":5,"column":21}},"1":{"start":{"line":6,"column":12},"end":{"line":6,"column":29}},"2":{"start":{"line":7,"column":12},"end":{"line":7,"column":71}},"3":{"start":{"line":1,"column":0},"end":{"line":1,"column":13}},"4":{"start":{"line":16,"column":8},"end":{"line":16,"column":17}},"5":{"start":{"line":17,"column":8},"end":{"line":17,"column":25}},"6":{"start":{"line":18,"column":8},"end":{"line":18,"column":59}},"7":{"start":{"line":12,"column":0},"end":{"line":12,"column":13}}},"fnMap":{"0":{"name":"(anonymous_0)","decl":{"start":{"line":4,"column":4},"end":{"line":4,"column":16}},"loc":{"start":{"line":4,"column":39},"end":{"line":8,"column":5}}},"1":{"name":"(anonymous_1)","decl":{"start":{"line":15,"column":4},"end":{"line":15,"column":16}},"loc":{"start":{"line":15,"column":39},"end":{"line":19,"column":5}}}},"branchMap":{},"s":{"0":2,"1":2,"2":2,"3":3,"4":2,"5":2,"6":2,"7":3},"f":{"0":2,"1":2},"b":{}}
,"/Users/mponsa/Documents/Projects/Own/okex-trading-bot/src/domain/instrument.ts": {"path":"/Users/mponsa/Documents/Projects/Own/okex-trading-bot/src/domain/instrument.ts","statementMap":{"0":{"start":{"line":1,"column":0},"end":{"line":1,"column":null}},"1":{"start":{"line":2,"column":4},"end":{"line":2,"column":null}},"2":{"start":{"line":3,"column":4},"end":{"line":3,"column":null}},"3":{"start":{"line":4,"column":4},"end":{"line":4,"column":null}},"4":{"start":{"line":5,"column":4},"end":{"line":5,"column":null}}},"fnMap":{"0":{"name":"(anonymous_0)","decl":{"start":{"line":1,"column":0},"end":{"line":1,"column":12}},"loc":{"start":{"line":1,"column":22},"end":{"line":6,"column":1}}}},"branchMap":{"0":{"loc":{"start":{"line":1,"column":12},"end":{"line":1,"column":22}},"type":"binary-expr","locations":[{"start":{"line":1,"column":12},"end":{"line":1,"column":22}},{"start":{"line":1,"column":12},"end":{"line":1,"column":null}}]}},"s":{"0":3,"1":3,"2":3,"3":3,"4":3},"f":{"0":3},"b":{"0":[3,3]}}
,"/Users/mponsa/Documents/Projects/Own/okex-trading-bot/src/domain/operation.ts": {"path":"/Users/mponsa/Documents/Projects/Own/okex-trading-bot/src/domain/operation.ts","statementMap":{"0":{"start":{"line":1,"column":0},"end":{"line":1,"column":null}},"1":{"start":{"line":2,"column":4},"end":{"line":2,"column":null}},"2":{"start":{"line":3,"column":4},"end":{"line":3,"column":null}}},"fnMap":{"0":{"name":"(anonymous_0)","decl":{"start":{"line":1,"column":0},"end":{"line":1,"column":12}},"loc":{"start":{"line":1,"column":21},"end":{"line":4,"column":1}}}},"branchMap":{"0":{"loc":{"start":{"line":1,"column":12},"end":{"line":1,"column":21}},"type":"binary-expr","locations":[{"start":{"line":1,"column":12},"end":{"line":1,"column":21}},{"start":{"line":1,"column":12},"end":{"line":1,"column":null}}]}},"s":{"0":3,"1":3,"2":3},"f":{"0":3},"b":{"0":[3,3]}}
,"/Users/mponsa/Documents/Projects/Own/okex-trading-bot/src/domain/orderBook.ts": {"path":"/Users/mponsa/Documents/Projects/Own/okex-trading-bot/src/domain/orderBook.ts","statementMap":{"0":{"start":{"line":12,"column":8},"end":{"line":12,"column":28}},"1":{"start":{"line":13,"column":8},"end":{"line":13,"column":26}},"2":{"start":{"line":14,"column":8},"end":{"line":14,"column":38}},"3":{"start":{"line":15,"column":8},"end":{"line":15,"column":58}},"4":{"start":{"line":19,"column":8},"end":{"line":19,"column":27}},"5":{"start":{"line":23,"column":8},"end":{"line":23,"column":26}},"6":{"start":{"line":27,"column":8},"end":{"line":27,"column":32}},"7":{"start":{"line":4,"column":0},"end":{"line":4,"column":13}},"8":{"start":{"line":40,"column":8},"end":{"line":40,"column":38}},"9":{"start":{"line":41,"column":8},"end":{"line":41,"column":26}},"10":{"start":{"line":42,"column":8},"end":{"line":42,"column":26}},"11":{"start":{"line":43,"column":8},"end":{"line":43,"column":26}},"12":{"start":{"line":44,"column":8},"end":{"line":44,"column":37}},"13":{"start":{"line":48,"column":8},"end":{"line":48,"column":26}},"14":{"start":{"line":52,"column":8},"end":{"line":52,"column":26}},"15":{"start":{"line":32,"column":0},"end":{"line":32,"column":13}}},"fnMap":{"0":{"name":"(anonymous_0)","decl":{"start":{"line":11,"column":4},"end":{"line":11,"column":16}},"loc":{"start":{"line":11,"column":93},"end":{"line":16,"column":5}}},"1":{"name":"(anonymous_1)","decl":{"start":{"line":18,"column":4},"end":{"line":18,"column":8}},"loc":{"start":{"line":18,"column":13},"end":{"line":20,"column":5}}},"2":{"name":"(anonymous_2)","decl":{"start":{"line":22,"column":4},"end":{"line":22,"column":8}},"loc":{"start":{"line":22,"column":12},"end":{"line":24,"column":5}}},"3":{"name":"(anonymous_3)","decl":{"start":{"line":26,"column":4},"end":{"line":26,"column":8}},"loc":{"start":{"line":26,"column":18},"end":{"line":28,"column":5}}},"4":{"name":"(anonymous_4)","decl":{"start":{"line":39,"column":4},"end":{"line":39,"column":16}},"loc":{"start":{"line":39,"column":110},"end":{"line":45,"column":5}}},"5":{"name":"(anonymous_5)","decl":{"start":{"line":47,"column":4},"end":{"line":47,"column":8}},"loc":{"start":{"line":47,"column":12},"end":{"line":49,"column":5}}},"6":{"name":"(anonymous_6)","decl":{"start":{"line":51,"column":4},"end":{"line":51,"column":8}},"loc":{"start":{"line":51,"column":12},"end":{"line":53,"column":5}}}},"branchMap":{},"s":{"0":400,"1":400,"2":400,"3":400,"4":4,"5":0,"6":0,"7":3,"8":2,"9":2,"10":2,"11":2,"12":2,"13":3,"14":3,"15":3},"f":{"0":400,"1":4,"2":0,"3":0,"4":2,"5":3,"6":3},"b":{}}
,"/Users/mponsa/Documents/Projects/Own/okex-trading-bot/src/domain/orderStatus.ts": {"path":"/Users/mponsa/Documents/Projects/Own/okex-trading-bot/src/domain/orderStatus.ts","statementMap":{"0":{"start":{"line":1,"column":0},"end":{"line":1,"column":null}},"1":{"start":{"line":2,"column":4},"end":{"line":2,"column":null}},"2":{"start":{"line":3,"column":4},"end":{"line":3,"column":null}},"3":{"start":{"line":4,"column":4},"end":{"line":4,"column":null}},"4":{"start":{"line":5,"column":4},"end":{"line":5,"column":null}}},"fnMap":{"0":{"name":"(anonymous_0)","decl":{"start":{"line":1,"column":0},"end":{"line":1,"column":12}},"loc":{"start":{"line":1,"column":23},"end":{"line":6,"column":1}}}},"branchMap":{"0":{"loc":{"start":{"line":1,"column":12},"end":{"line":1,"column":23}},"type":"binary-expr","locations":[{"start":{"line":1,"column":12},"end":{"line":1,"column":23}},{"start":{"line":1,"column":12},"end":{"line":1,"column":null}}]}},"s":{"0":3,"1":3,"2":3,"3":3,"4":3},"f":{"0":3},"b":{"0":[3,3]}}
,"/Users/mponsa/Documents/Projects/Own/okex-trading-bot/src/domain/pair.ts": {"path":"/Users/mponsa/Documents/Projects/Own/okex-trading-bot/src/domain/pair.ts","statementMap":{"0":{"start":{"line":6,"column":8},"end":{"line":6,"column":24}},"1":{"start":{"line":7,"column":8},"end":{"line":7,"column":26}},"2":{"start":{"line":11,"column":8},"end":{"line":11,"column":44}},"3":{"start":{"line":1,"column":0},"end":{"line":1,"column":13}}},"fnMap":{"0":{"name":"(anonymous_0)","decl":{"start":{"line":5,"column":4},"end":{"line":5,"column":16}},"loc":{"start":{"line":5,"column":41},"end":{"line":8,"column":5}}},"1":{"name":"(anonymous_1)","decl":{"start":{"line":10,"column":4},"end":{"line":10,"column":12}},"loc":{"start":{"line":10,"column":12},"end":{"line":12,"column":5}}}},"branchMap":{},"s":{"0":3,"1":3,"2":9,"3":3},"f":{"0":3,"1":9},"b":{}}
,"/Users/mponsa/Documents/Projects/Own/okex-trading-bot/src/domain/trade.ts": {"path":"/Users/mponsa/Documents/Projects/Own/okex-trading-bot/src/domain/trade.ts","statementMap":{"0":{"start":{"line":1,"column":0},"end":{"line":1,"column":38}},"1":{"start":{"line":2,"column":0},"end":{"line":2,"column":34}},"2":{"start":{"line":40,"column":13},"end":{"line":76,"column":3}}},"fnMap":{},"branchMap":{},"s":{"0":3,"1":3,"2":3},"f":{},"b":{}}
,"/Users/mponsa/Documents/Projects/Own/okex-trading-bot/src/repositories/okex/index.ts": {"path":"/Users/mponsa/Documents/Projects/Own/okex-trading-bot/src/repositories/okex/index.ts","statementMap":{"0":{"start":{"line":1,"column":0},"end":{"line":1,"column":36}},"1":{"start":{"line":2,"column":0},"end":{"line":2,"column":31}},"2":{"start":{"line":4,"column":0},"end":{"line":4,"column":65}},"3":{"start":{"line":6,"column":0},"end":{"line":6,"column":55}},"4":{"start":{"line":7,"column":0},"end":{"line":7,"column":57}},"5":{"start":{"line":56,"column":4},"end":{"line":61,"column":null}},"6":{"start":{"line":57,"column":24},"end":{"line":57,"column":91}},"7":{"start":{"line":58,"column":23},"end":{"line":58,"column":66}},"8":{"start":{"line":60,"column":8},"end":{"line":60,"column":51}},"9":{"start":{"line":63,"column":4},"end":{"line":73,"column":null}},"10":{"start":{"line":64,"column":23},"end":{"line":64,"column":28}},"11":{"start":{"line":65,"column":21},"end":{"line":65,"column":42}},"12":{"start":{"line":67,"column":25},"end":{"line":70,"column":10}},"13":{"start":{"line":72,"column":8},"end":{"line":72,"column":null}},"14":{"start":{"line":75,"column":4},"end":{"line":85,"column":null}},"15":{"start":{"line":76,"column":26},"end":{"line":76,"column":47}},"16":{"start":{"line":78,"column":8},"end":{"line":84,"column":10}},"17":{"start":{"line":87,"column":4},"end":{"line":105,"column":null}},"18":{"start":{"line":88,"column":23},"end":{"line":88,"column":28}},"19":{"start":{"line":89,"column":21},"end":{"line":89,"column":46}},"20":{"start":{"line":92,"column":8},"end":{"line":104,"column":null}},"21":{"start":{"line":93,"column":28},"end":{"line":93,"column":70}},"22":{"start":{"line":95,"column":29},"end":{"line":99,"column":14}},"23":{"start":{"line":101,"column":12},"end":{"line":101,"column":61}},"24":{"start":{"line":103,"column":12},"end":{"line":103,"column":150}},"25":{"start":{"line":107,"column":4},"end":{"line":139,"column":null}},"26":{"start":{"line":108,"column":23},"end":{"line":108,"column":28}},"27":{"start":{"line":109,"column":21},"end":{"line":109,"column":43}},"28":{"start":{"line":111,"column":8},"end":{"line":137,"column":null}},"29":{"start":{"line":112,"column":29},"end":{"line":119,"column":14}},"30":{"start":{"line":121,"column":12},"end":{"line":123,"column":null}},"31":{"start":{"line":122,"column":16},"end":{"line":122,"column":143}},"32":{"start":{"line":125,"column":25},"end":{"line":127,"column":14}},"33":{"start":{"line":126,"column":16},"end":{"line":126,"column":117}},"34":{"start":{"line":129,"column":25},"end":{"line":131,"column":14}},"35":{"start":{"line":130,"column":16},"end":{"line":130,"column":117}},"36":{"start":{"line":133,"column":12},"end":{"line":133,"column":93}},"37":{"start":{"line":135,"column":12},"end":{"line":135,"column":65}},"38":{"start":{"line":135,"column":53},"end":{"line":135,"column":65}},"39":{"start":{"line":136,"column":12},"end":{"line":136,"column":150}},"40":{"start":{"line":141,"column":4},"end":{"line":175,"column":null}},"41":{"start":{"line":142,"column":23},"end":{"line":142,"column":29}},"42":{"start":{"line":143,"column":21},"end":{"line":143,"column":42}},"43":{"start":{"line":144,"column":21},"end":{"line":151,"column":null}},"44":{"start":{"line":153,"column":8},"end":{"line":174,"column":null}},"45":{"start":{"line":154,"column":28},"end":{"line":154,"column":84}},"46":{"start":{"line":156,"column":29},"end":{"line":161,"column":14}},"47":{"start":{"line":163,"column":12},"end":{"line":165,"column":null}},"48":{"start":{"line":164,"column":16},"end":{"line":164,"column":143}},"49":{"start":{"line":167,"column":12},"end":{"line":167,"column":59}},"50":{"start":{"line":168,"column":12},"end":{"line":168,"column":47}},"51":{"start":{"line":170,"column":12},"end":{"line":170,"column":25}},"52":{"start":{"line":172,"column":12},"end":{"line":172,"column":65}},"53":{"start":{"line":172,"column":53},"end":{"line":172,"column":65}},"54":{"start":{"line":173,"column":12},"end":{"line":173,"column":150}},"55":{"start":{"line":188,"column":4},"end":{"line":212,"column":null}},"56":{"start":{"line":189,"column":23},"end":{"line":189,"column":28}},"57":{"start":{"line":190,"column":21},"end":{"line":190,"column":94}},"58":{"start":{"line":191,"column":24},"end":{"line":191,"column":64}},"59":{"start":{"line":193,"column":8},"end":{"line":211,"column":null}},"60":{"start":{"line":194,"column":29},"end":{"line":198,"column":14}},"61":{"start":{"line":200,"column":12},"end":{"line":200,"column":77}},"62":{"start":{"line":201,"column":12},"end":{"line":201,"column":50}},"63":{"start":{"line":202,"column":12},"end":{"line":202,"column":61}},"64":{"start":{"line":203,"column":12},"end":{"line":203,"column":60}},"65":{"start":{"line":204,"column":12},"end":{"line":204,"column":58}},"66":{"start":{"line":205,"column":12},"end":{"line":205,"column":134}},"67":{"start":{"line":207,"column":12},"end":{"line":207,"column":25}},"68":{"start":{"line":209,"column":12},"end":{"line":209,"column":65}},"69":{"start":{"line":209,"column":53},"end":{"line":209,"column":65}},"70":{"start":{"line":210,"column":12},"end":{"line":210,"column":150}},"71":{"start":{"line":50,"column":8},"end":{"line":50,"column":30}},"72":{"start":{"line":51,"column":8},"end":{"line":51,"column":36}},"73":{"start":{"line":52,"column":8},"end":{"line":52,"column":38}},"74":{"start":{"line":53,"column":8},"end":{"line":53,"column":47}},"75":{"start":{"line":178,"column":52},"end":{"line":183,"column":null}},"76":{"start":{"line":185,"column":8},"end":{"line":185,"column":null}},"77":{"start":{"line":43,"column":0},"end":{"line":43,"column":13}}},"fnMap":{"0":{"name":"(anonymous_6)","decl":{"start":{"line":49,"column":4},"end":{"line":49,"column":16}},"loc":{"start":{"line":49,"column":69},"end":{"line":54,"column":5}}},"1":{"name":"(anonymous_7)","decl":{"start":{"line":56,"column":23},"end":{"line":56,"column":24}},"loc":{"start":{"line":56,"column":96},"end":{"line":61,"column":5}}},"2":{"name":"(anonymous_8)","decl":{"start":{"line":63,"column":15},"end":{"line":63,"column":20}},"loc":{"start":{"line":63,"column":26},"end":{"line":73,"column":5}}},"3":{"name":"(anonymous_9)","decl":{"start":{"line":75,"column":18},"end":{"line":75,"column":23}},"loc":{"start":{"line":75,"column":78},"end":{"line":85,"column":5}}},"4":{"name":"(anonymous_10)","decl":{"start":{"line":87,"column":17},"end":{"line":87,"column":22}},"loc":{"start":{"line":87,"column":44},"end":{"line":105,"column":5}}},"5":{"name":"(anonymous_11)","decl":{"start":{"line":107,"column":19},"end":{"line":107,"column":24}},"loc":{"start":{"line":107,"column":60},"end":{"line":139,"column":5}}},"6":{"name":"(anonymous_12)","decl":{"start":{"line":125,"column":56},"end":{"line":125,"column":57}},"loc":{"start":{"line":125,"column":71},"end":{"line":127,"column":13}}},"7":{"name":"(anonymous_13)","decl":{"start":{"line":129,"column":56},"end":{"line":129,"column":57}},"loc":{"start":{"line":129,"column":71},"end":{"line":131,"column":13}}},"8":{"name":"(anonymous_14)","decl":{"start":{"line":141,"column":16},"end":{"line":141,"column":21}},"loc":{"start":{"line":141,"column":47},"end":{"line":175,"column":5}}},"9":{"name":"(anonymous_15)","decl":{"start":{"line":188,"column":15},"end":{"line":188,"column":20}},"loc":{"start":{"line":188,"column":46},"end":{"line":212,"column":5}}},"10":{"name":"(anonymous_16)","decl":{"start":{"line":177,"column":4},"end":{"line":177,"column":19}},"loc":{"start":{"line":177,"column":33},"end":{"line":186,"column":5}}}},"branchMap":{"0":{"loc":{"start":{"line":57,"column":31},"end":{"line":57,"column":63}},"type":"cond-expr","locations":[{"start":{"line":57,"column":31},"end":{"line":57,"column":63}},{"start":{"line":57,"column":66},"end":{"line":57,"column":91}}]},"1":{"loc":{"start":{"line":121,"column":12},"end":{"line":123,"column":null}},"type":"if","locations":[{"start":{"line":121,"column":12},"end":{"line":123,"column":null}},{"start":{"line":121,"column":12},"end":{"line":123,"column":null}}]},"2":{"loc":{"start":{"line":135,"column":12},"end":{"line":135,"column":65}},"type":"if","locations":[{"start":{"line":135,"column":12},"end":{"line":135,"column":65}},{"start":{"line":135,"column":12},"end":{"line":135,"column":65}}]},"3":{"loc":{"start":{"line":163,"column":12},"end":{"line":165,"column":null}},"type":"if","locations":[{"start":{"line":163,"column":12},"end":{"line":165,"column":null}},{"start":{"line":163,"column":12},"end":{"line":165,"column":null}}]},"4":{"loc":{"start":{"line":172,"column":12},"end":{"line":172,"column":65}},"type":"if","locations":[{"start":{"line":172,"column":12},"end":{"line":172,"column":65}},{"start":{"line":172,"column":12},"end":{"line":172,"column":65}}]},"5":{"loc":{"start":{"line":205,"column":64},"end":{"line":205,"column":126}},"type":"cond-expr","locations":[{"start":{"line":205,"column":64},"end":{"line":205,"column":126}},{"start":{"line":205,"column":129},"end":{"line":205,"column":133}}]},"6":{"loc":{"start":{"line":209,"column":12},"end":{"line":209,"column":65}},"type":"if","locations":[{"start":{"line":209,"column":12},"end":{"line":209,"column":65}},{"start":{"line":209,"column":12},"end":{"line":209,"column":65}}]}},"s":{"0":3,"1":3,"2":3,"3":3,"4":3,"5":3,"6":3,"7":3,"8":3,"9":3,"10":3,"11":3,"12":3,"13":3,"14":3,"15":3,"16":3,"17":3,"18":0,"19":0,"20":0,"21":0,"22":0,"23":0,"24":0,"25":3,"26":3,"27":3,"28":3,"29":3,"30":2,"31":0,"32":2,"33":200,"34":2,"35":200,"36":2,"37":1,"38":0,"39":1,"40":3,"41":3,"42":3,"43":3,"44":3,"45":3,"46":3,"47":2,"48":1,"49":1,"50":1,"51":1,"52":2,"53":1,"54":1,"55":3,"56":0,"57":0,"58":0,"59":0,"60":0,"61":0,"62":0,"63":0,"64":0,"65":0,"66":0,"67":0,"68":0,"69":0,"70":0,"71":3,"72":3,"73":3,"74":3,"75":0,"76":0,"77":3},"f":{"0":3,"1":3,"2":3,"3":3,"4":0,"5":3,"6":200,"7":200,"8":3,"9":0,"10":0},"b":{"0":[3,0],"1":[0,2],"2":[0,1],"3":[1,1],"4":[1,1],"5":[0,0],"6":[0,0]}}
,"/Users/mponsa/Documents/Projects/Own/okex-trading-bot/src/repositories/trade/index.ts": {"path":"/Users/mponsa/Documents/Projects/Own/okex-trading-bot/src/repositories/trade/index.ts","statementMap":{"0":{"start":{"line":1,"column":0},"end":{"line":1,"column":59}},"1":{"start":{"line":3,"column":0},"end":{"line":3,"column":51}},"2":{"start":{"line":4,"column":0},"end":{"line":4,"column":55}},"3":{"start":{"line":5,"column":0},"end":{"line":5,"column":30}},"4":{"start":{"line":44,"column":4},"end":{"line":65,"column":null}},"5":{"start":{"line":45,"column":28},"end":{"line":45,"column":38}},"6":{"start":{"line":47,"column":39},"end":{"line":62,"column":null}},"7":{"start":{"line":64,"column":8},"end":{"line":64,"column":22}},"8":{"start":{"line":67,"column":4},"end":{"line":69,"column":null}},"9":{"start":{"line":68,"column":8},"end":{"line":68,"column":34}},"10":{"start":{"line":71,"column":4},"end":{"line":88,"column":null}},"11":{"start":{"line":72,"column":8},"end":{"line":87,"column":null}},"12":{"start":{"line":90,"column":4},"end":{"line":93,"column":null}},"13":{"start":{"line":91,"column":22},"end":{"line":91,"column":46}},"14":{"start":{"line":92,"column":8},"end":{"line":92,"column":21}},"15":{"start":{"line":95,"column":4},"end":{"line":98,"column":null}},"16":{"start":{"line":96,"column":23},"end":{"line":96,"column":82}},"17":{"start":{"line":97,"column":8},"end":{"line":97,"column":22}},"18":{"start":{"line":39,"column":0},"end":{"line":39,"column":13}}},"fnMap":{"0":{"name":"(anonymous_0)","decl":{"start":{"line":42,"column":4},"end":{"line":42,"column":18}},"loc":{"start":{"line":42,"column":4},"end":{"line":42,"column":19}}},"1":{"name":"(anonymous_1)","decl":{"start":{"line":44,"column":10},"end":{"line":44,"column":11}},"loc":{"start":{"line":44,"column":93},"end":{"line":65,"column":5}}},"2":{"name":"(anonymous_2)","decl":{"start":{"line":67,"column":11},"end":{"line":67,"column":16}},"loc":{"start":{"line":67,"column":42},"end":{"line":69,"column":5}}},"3":{"name":"(anonymous_3)","decl":{"start":{"line":71,"column":13},"end":{"line":71,"column":18}},"loc":{"start":{"line":71,"column":44},"end":{"line":88,"column":5}}},"4":{"name":"(anonymous_4)","decl":{"start":{"line":90,"column":14},"end":{"line":90,"column":19}},"loc":{"start":{"line":90,"column":34},"end":{"line":93,"column":5}}},"5":{"name":"(anonymous_5)","decl":{"start":{"line":95,"column":23},"end":{"line":95,"column":28}},"loc":{"start":{"line":95,"column":33},"end":{"line":98,"column":5}}}},"branchMap":{},"s":{"0":3,"1":3,"2":3,"3":3,"4":3,"5":2,"6":2,"7":2,"8":3,"9":2,"10":3,"11":1,"12":3,"13":5,"14":5,"15":3,"16":0,"17":0,"18":3},"f":{"0":3,"1":2,"2":2,"3":1,"4":5,"5":0},"b":{}}
,"/Users/mponsa/Documents/Projects/Own/okex-trading-bot/src/services/trader/index.ts": {"path":"/Users/mponsa/Documents/Projects/Own/okex-trading-bot/src/services/trader/index.ts","statementMap":{"0":{"start":{"line":3,"column":0},"end":{"line":3,"column":53}},"1":{"start":{"line":4,"column":0},"end":{"line":4,"column":51}},"2":{"start":{"line":9,"column":0},"end":{"line":9,"column":50}},"3":{"start":{"line":10,"column":0},"end":{"line":10,"column":55}},"4":{"start":{"line":48,"column":4},"end":{"line":66,"column":null}},"5":{"start":{"line":49,"column":38},"end":{"line":49,"column":39}},"6":{"start":{"line":50,"column":28},"end":{"line":50,"column":29}},"7":{"start":{"line":51,"column":28},"end":{"line":51,"column":44}},"8":{"start":{"line":53,"column":8},"end":{"line":63,"column":null}},"9":{"start":{"line":54,"column":32},"end":{"line":54,"column":43}},"10":{"start":{"line":55,"column":12},"end":{"line":57,"column":null}},"11":{"start":{"line":56,"column":16},"end":{"line":56,"column":62}},"12":{"start":{"line":58,"column":12},"end":{"line":58,"column":45}},"13":{"start":{"line":59,"column":12},"end":{"line":59,"column":66}},"14":{"start":{"line":60,"column":12},"end":{"line":62,"column":null}},"15":{"start":{"line":61,"column":16},"end":{"line":61,"column":28}},"16":{"start":{"line":65,"column":8},"end":{"line":65,"column":null}},"17":{"start":{"line":68,"column":4},"end":{"line":82,"column":null}},"18":{"start":{"line":69,"column":26},"end":{"line":69,"column":88}},"19":{"start":{"line":71,"column":8},"end":{"line":74,"column":null}},"20":{"start":{"line":75,"column":22},"end":{"line":75,"column":167}},"21":{"start":{"line":77,"column":8},"end":{"line":77,"column":102}},"22":{"start":{"line":79,"column":22},"end":{"line":79,"column":90}},"23":{"start":{"line":80,"column":8},"end":{"line":80,"column":48}},"24":{"start":{"line":81,"column":8},"end":{"line":81,"column":21}},"25":{"start":{"line":97,"column":4},"end":{"line":106,"column":null}},"26":{"start":{"line":98,"column":22},"end":{"line":98,"column":84}},"27":{"start":{"line":100,"column":8},"end":{"line":100,"column":null}},"28":{"start":{"line":102,"column":8},"end":{"line":102,"column":52}},"29":{"start":{"line":103,"column":8},"end":{"line":103,"column":50}},"30":{"start":{"line":105,"column":8},"end":{"line":105,"column":21}},"31":{"start":{"line":108,"column":4},"end":{"line":119,"column":null}},"32":{"start":{"line":109,"column":22},"end":{"line":109,"column":84}},"33":{"start":{"line":110,"column":8},"end":{"line":110,"column":null}},"34":{"start":{"line":110,"column":19},"end":{"line":110,"column":null}},"35":{"start":{"line":112,"column":8},"end":{"line":116,"column":null}},"36":{"start":{"line":113,"column":30},"end":{"line":113,"column":72}},"37":{"start":{"line":114,"column":12},"end":{"line":114,"column":52}},"38":{"start":{"line":115,"column":12},"end":{"line":115,"column":29}},"39":{"start":{"line":118,"column":8},"end":{"line":118,"column":21}},"40":{"start":{"line":44,"column":8},"end":{"line":44,"column":46}},"41":{"start":{"line":45,"column":8},"end":{"line":45,"column":48}},"42":{"start":{"line":85,"column":30},"end":{"line":85,"column":59}},"43":{"start":{"line":86,"column":28},"end":{"line":86,"column":38}},"44":{"start":{"line":88,"column":8},"end":{"line":90,"column":null}},"45":{"start":{"line":89,"column":12},"end":{"line":89,"column":null}},"46":{"start":{"line":92,"column":8},"end":{"line":94,"column":null}},"47":{"start":{"line":93,"column":12},"end":{"line":93,"column":null}},"48":{"start":{"line":39,"column":0},"end":{"line":39,"column":13}}},"fnMap":{"0":{"name":"(anonymous_0)","decl":{"start":{"line":43,"column":4},"end":{"line":43,"column":16}},"loc":{"start":{"line":43,"column":82},"end":{"line":46,"column":5}}},"1":{"name":"(anonymous_1)","decl":{"start":{"line":48,"column":20},"end":{"line":48,"column":21}},"loc":{"start":{"line":48,"column":61},"end":{"line":66,"column":5}}},"2":{"name":"(anonymous_2)","decl":{"start":{"line":53,"column":20},"end":{"line":53,"column":25}},"loc":{"start":{"line":53,"column":28},"end":{"line":63,"column":9}}},"3":{"name":"(anonymous_3)","decl":{"start":{"line":68,"column":19},"end":{"line":68,"column":24}},"loc":{"start":{"line":68,"column":73},"end":{"line":82,"column":5}}},"4":{"name":"(anonymous_4)","decl":{"start":{"line":97,"column":19},"end":{"line":97,"column":24}},"loc":{"start":{"line":97,"column":45},"end":{"line":106,"column":5}}},"5":{"name":"(anonymous_5)","decl":{"start":{"line":108,"column":15},"end":{"line":108,"column":20}},"loc":{"start":{"line":108,"column":41},"end":{"line":119,"column":5}}},"6":{"name":"(anonymous_6)","decl":{"start":{"line":84,"column":4},"end":{"line":84,"column":22}},"loc":{"start":{"line":84,"column":44},"end":{"line":95,"column":5}}}},"branchMap":{"0":{"loc":{"start":{"line":55,"column":12},"end":{"line":57,"column":null}},"type":"if","locations":[{"start":{"line":55,"column":12},"end":{"line":57,"column":null}},{"start":{"line":55,"column":12},"end":{"line":57,"column":null}}]},"1":{"loc":{"start":{"line":60,"column":12},"end":{"line":62,"column":null}},"type":"if","locations":[{"start":{"line":60,"column":12},"end":{"line":62,"column":null}},{"start":{"line":60,"column":12},"end":{"line":62,"column":null}}]},"2":{"loc":{"start":{"line":73,"column":14},"end":{"line":73,"column":95}},"type":"cond-expr","locations":[{"start":{"line":73,"column":14},"end":{"line":73,"column":95}},{"start":{"line":74,"column":14},"end":{"line":74,"column":95}}]},"3":{"loc":{"start":{"line":75,"column":71},"end":{"line":75,"column":114}},"type":"cond-expr","locations":[{"start":{"line":75,"column":71},"end":{"line":75,"column":114}},{"start":{"line":75,"column":117},"end":{"line":75,"column":160}}]},"4":{"loc":{"start":{"line":110,"column":8},"end":{"line":110,"column":null}},"type":"if","locations":[{"start":{"line":110,"column":8},"end":{"line":110,"column":null}},{"start":{"line":110,"column":8},"end":{"line":110,"column":null}}]},"5":{"loc":{"start":{"line":112,"column":8},"end":{"line":116,"column":null}},"type":"if","locations":[{"start":{"line":112,"column":8},"end":{"line":116,"column":null}},{"start":{"line":112,"column":8},"end":{"line":116,"column":null}}]},"6":{"loc":{"start":{"line":88,"column":8},"end":{"line":90,"column":null}},"type":"if","locations":[{"start":{"line":88,"column":8},"end":{"line":90,"column":null}},{"start":{"line":88,"column":8},"end":{"line":90,"column":null}}]},"7":{"loc":{"start":{"line":92,"column":8},"end":{"line":94,"column":null}},"type":"if","locations":[{"start":{"line":92,"column":8},"end":{"line":94,"column":null}},{"start":{"line":92,"column":8},"end":{"line":94,"column":null}}]}},"s":{"0":3,"1":3,"2":3,"3":3,"4":3,"5":2,"6":2,"7":2,"8":2,"9":3,"10":3,"11":2,"12":3,"13":3,"14":3,"15":2,"16":2,"17":3,"18":3,"19":2,"20":2,"21":2,"22":2,"23":2,"24":2,"25":3,"26":5,"27":5,"28":3,"29":1,"30":1,"31":3,"32":0,"33":0,"34":0,"35":0,"36":0,"37":0,"38":0,"39":0,"40":3,"41":3,"42":5,"43":5,"44":5,"45":2,"46":3,"47":0,"48":3},"f":{"0":3,"1":2,"2":3,"3":3,"4":5,"5":0,"6":5},"b":{"0":[2,1],"1":[2,1],"2":[1,1],"3":[1,1],"4":[0,0],"5":[0,0],"6":[2,3],"7":[0,3]}}
}
