TN:
SF:src/app/index.ts
FN:6,(anonymous_1)
FN:8,(anonymous_2)
FN:10,(anonymous_3)
FN:12,(anonymous_4)
FNF:4
FNH:3
FNDA:1,(anonymous_1)
FNDA:4,(anonymous_2)
FNDA:0,(anonymous_3)
FNDA:5,(anonymous_4)
DA:1,3
DA:2,3
DA:4,3
DA:6,3
DA:8,4
DA:10,3
DA:12,5
DA:14,3
LF:8
LH:8
BRF:0
BRH:0
end_of_record
TN:
SF:src/config/index.ts
FNF:0
FNH:0
DA:1,3
DA:2,3
DA:3,3
DA:4,3
DA:5,3
DA:6,3
DA:8,3
DA:9,3
DA:10,3
DA:11,3
DA:13,3
LF:11
LH:11
BRDA:8,0,0,3
BRDA:8,0,1,0
BRDA:8,1,0,3
BRDA:8,1,1,0
BRDA:8,2,0,3
BRDA:8,2,1,0
BRF:6
BRH:3
end_of_record
TN:
SF:src/controllers/trader/index.ts
FN:8,(anonymous_0)
FN:10,(anonymous_1)
FN:18,(anonymous_2)
FN:42,(anonymous_3)
FN:55,(anonymous_4)
FNF:5
FNH:4
FNDA:3,(anonymous_0)
FNDA:4,(anonymous_1)
FNDA:4,(anonymous_2)
FNDA:5,(anonymous_3)
FNDA:0,(anonymous_4)
DA:3,3
DA:6,3
DA:8,3
DA:10,3
DA:11,4
DA:12,1
DA:15,3
DA:18,3
DA:19,4
DA:20,1
DA:21,1
DA:24,3
DA:25,3
DA:26,3
DA:27,3
DA:29,3
DA:30,3
DA:31,2
DA:32,2
DA:34,1
DA:37,1
DA:42,3
DA:43,5
DA:45,5
DA:46,5
DA:47,1
DA:49,4
DA:55,3
DA:56,0
DA:57,0
DA:58,0
DA:59,0
DA:61,0
LF:33
LH:28
BRDA:11,0,0,1
BRDA:11,0,1,3
BRDA:11,1,0,4
BRDA:11,1,1,3
BRDA:11,1,2,3
BRDA:19,2,0,1
BRDA:19,2,1,3
BRDA:34,3,0,1
BRDA:34,3,1,0
BRDA:49,4,0,3
BRDA:49,4,1,1
BRDA:61,5,0,0
BRDA:61,5,1,0
BRF:13
BRH:10
end_of_record
TN:
SF:src/db/index.ts
FNF:0
FNH:0
DA:1,3
DA:2,3
DA:3,3
DA:5,3
DA:6,3
DA:7,3
DA:9,3
DA:16,3
LF:8
LH:8
BRDA:6,0,0,3
BRDA:6,0,1,0
BRDA:7,1,0,3
BRDA:7,1,1,0
BRDA:10,2,0,0
BRDA:10,2,1,3
BRF:6
BRH:3
end_of_record
TN:
SF:src/domain/constants.ts
FN:2,(anonymous_0)
FNF:1
FNH:1
FNDA:3,(anonymous_0)
DA:2,3
DA:3,3
LF:2
LH:2
BRDA:3,0,0,3
BRDA:3,0,1,0
BRDA:2,1,0,3
BRDA:2,1,1,3
BRF:4
BRH:3
end_of_record
TN:
SF:src/domain/errors.ts
FN:4,(anonymous_0)
FN:15,(anonymous_1)
FNF:2
FNH:2
FNDA:2,(anonymous_0)
FNDA:2,(anonymous_1)
DA:1,3
DA:5,2
DA:6,2
DA:7,2
DA:12,3
DA:16,2
DA:17,2
DA:18,2
LF:8
LH:8
BRF:0
BRH:0
end_of_record
TN:
SF:src/domain/instrument.ts
FN:1,(anonymous_0)
FNF:1
FNH:1
FNDA:3,(anonymous_0)
DA:1,3
DA:2,3
DA:3,3
DA:4,3
DA:5,3
LF:5
LH:5
BRDA:1,0,0,3
BRDA:1,0,1,3
BRF:2
BRH:2
end_of_record
TN:
SF:src/domain/operation.ts
FN:1,(anonymous_0)
FNF:1
FNH:1
FNDA:3,(anonymous_0)
DA:1,3
DA:2,3
DA:3,3
LF:3
LH:3
BRDA:1,0,0,3
BRDA:1,0,1,3
BRF:2
BRH:2
end_of_record
TN:
SF:src/domain/orderBook.ts
FN:11,(anonymous_0)
FN:18,(anonymous_1)
FN:22,(anonymous_2)
FN:26,(anonymous_3)
FN:39,(anonymous_4)
FN:47,(anonymous_5)
FN:51,(anonymous_6)
FNF:7
FNH:5
FNDA:400,(anonymous_0)
FNDA:4,(anonymous_1)
FNDA:0,(anonymous_2)
FNDA:0,(anonymous_3)
FNDA:2,(anonymous_4)
FNDA:3,(anonymous_5)
FNDA:3,(anonymous_6)
DA:4,3
DA:12,400
DA:13,400
DA:14,400
DA:15,400
DA:19,4
DA:23,0
DA:27,0
DA:32,3
DA:40,2
DA:41,2
DA:42,2
DA:43,2
DA:44,2
DA:48,3
DA:52,3
LF:16
LH:14
BRF:0
BRH:0
end_of_record
TN:
SF:src/domain/orderStatus.ts
FN:1,(anonymous_0)
FNF:1
FNH:1
FNDA:3,(anonymous_0)
DA:1,3
DA:2,3
DA:3,3
DA:4,3
DA:5,3
LF:5
LH:5
BRDA:1,0,0,3
BRDA:1,0,1,3
BRF:2
BRH:2
end_of_record
TN:
SF:src/domain/pair.ts
FN:5,(anonymous_0)
FN:10,(anonymous_1)
FNF:2
FNH:2
FNDA:3,(anonymous_0)
FNDA:9,(anonymous_1)
DA:1,3
DA:6,3
DA:7,3
DA:11,9
LF:4
LH:4
BRF:0
BRH:0
end_of_record
TN:
SF:src/domain/trade.ts
FNF:0
FNH:0
DA:1,3
DA:2,3
DA:40,3
LF:3
LH:3
BRF:0
BRH:0
end_of_record
TN:
SF:src/repositories/okex/index.ts
FN:49,(anonymous_6)
FN:56,(anonymous_7)
FN:63,(anonymous_8)
FN:75,(anonymous_9)
FN:87,(anonymous_10)
FN:107,(anonymous_11)
FN:125,(anonymous_12)
FN:129,(anonymous_13)
FN:141,(anonymous_14)
FN:188,(anonymous_15)
FN:177,(anonymous_16)
FNF:11
FNH:8
FNDA:3,(anonymous_6)
FNDA:3,(anonymous_7)
FNDA:3,(anonymous_8)
FNDA:3,(anonymous_9)
FNDA:0,(anonymous_10)
FNDA:3,(anonymous_11)
FNDA:200,(anonymous_12)
FNDA:200,(anonymous_13)
FNDA:3,(anonymous_14)
FNDA:0,(anonymous_15)
FNDA:0,(anonymous_16)
DA:1,3
DA:2,3
DA:4,3
DA:6,3
DA:7,3
DA:43,3
DA:50,3
DA:51,3
DA:52,3
DA:53,3
DA:56,3
DA:57,3
DA:58,3
DA:60,3
DA:63,3
DA:64,3
DA:65,3
DA:67,3
DA:72,3
DA:75,3
DA:76,3
DA:78,3
DA:87,3
DA:88,0
DA:89,0
DA:92,0
DA:93,0
DA:95,0
DA:101,0
DA:103,0
DA:107,3
DA:108,3
DA:109,3
DA:111,3
DA:112,3
DA:121,2
DA:122,0
DA:125,2
DA:126,200
DA:129,2
DA:130,200
DA:133,2
DA:135,1
DA:136,1
DA:141,3
DA:142,3
DA:143,3
DA:144,3
DA:153,3
DA:154,3
DA:156,3
DA:163,2
DA:164,1
DA:167,1
DA:168,1
DA:170,1
DA:172,2
DA:173,1
DA:178,0
DA:185,0
DA:188,3
DA:189,0
DA:190,0
DA:191,0
DA:193,0
DA:194,0
DA:200,0
DA:201,0
DA:202,0
DA:203,0
DA:204,0
DA:205,0
DA:207,0
DA:209,0
DA:210,0
LF:75
LH:51
BRDA:57,0,0,3
BRDA:57,0,1,0
BRDA:121,1,0,0
BRDA:121,1,1,2
BRDA:135,2,0,0
BRDA:135,2,1,1
BRDA:163,3,0,1
BRDA:163,3,1,1
BRDA:172,4,0,1
BRDA:172,4,1,1
BRDA:205,5,0,0
BRDA:205,5,1,0
BRDA:209,6,0,0
BRDA:209,6,1,0
BRF:14
BRH:7
end_of_record
TN:
SF:src/repositories/trade/index.ts
FN:42,(anonymous_0)
FN:44,(anonymous_1)
FN:67,(anonymous_2)
FN:71,(anonymous_3)
FN:90,(anonymous_4)
FN:95,(anonymous_5)
FNF:6
FNH:5
FNDA:3,(anonymous_0)
FNDA:2,(anonymous_1)
FNDA:2,(anonymous_2)
FNDA:1,(anonymous_3)
FNDA:5,(anonymous_4)
FNDA:0,(anonymous_5)
DA:1,3
DA:3,3
DA:4,3
DA:5,3
DA:39,3
DA:44,3
DA:45,2
DA:47,2
DA:64,2
DA:67,3
DA:68,2
DA:71,3
DA:72,1
DA:90,3
DA:91,5
DA:92,5
DA:95,3
DA:96,0
DA:97,0
LF:19
LH:17
BRF:0
BRH:0
end_of_record
TN:
SF:src/services/trader/index.ts
FN:43,(anonymous_0)
FN:48,(anonymous_1)
FN:53,(anonymous_2)
FN:68,(anonymous_3)
FN:97,(anonymous_4)
FN:108,(anonymous_5)
FN:84,(anonymous_6)
FNF:7
FNH:6
FNDA:3,(anonymous_0)
FNDA:2,(anonymous_1)
FNDA:3,(anonymous_2)
FNDA:3,(anonymous_3)
FNDA:5,(anonymous_4)
FNDA:0,(anonymous_5)
FNDA:5,(anonymous_6)
DA:3,3
DA:4,3
DA:9,3
DA:10,3
DA:39,3
DA:44,3
DA:45,3
DA:48,3
DA:49,2
DA:50,2
DA:51,2
DA:53,2
DA:54,3
DA:55,3
DA:56,2
DA:58,3
DA:59,3
DA:60,3
DA:61,2
DA:65,2
DA:68,3
DA:69,3
DA:71,2
DA:75,2
DA:77,2
DA:79,2
DA:80,2
DA:81,2
DA:85,5
DA:86,5
DA:88,5
DA:89,2
DA:92,3
DA:93,0
DA:97,3
DA:98,5
DA:100,5
DA:102,3
DA:103,1
DA:105,1
DA:108,3
DA:109,0
DA:110,0
DA:112,0
DA:113,0
DA:114,0
DA:115,0
DA:118,0
LF:48
LH:40
BRDA:55,0,0,2
BRDA:55,0,1,1
BRDA:60,1,0,2
BRDA:60,1,1,1
BRDA:73,2,0,1
BRDA:73,2,1,1
BRDA:75,3,0,1
BRDA:75,3,1,1
BRDA:110,4,0,0
BRDA:110,4,1,0
BRDA:112,5,0,0
BRDA:112,5,1,0
BRDA:88,6,0,2
BRDA:88,6,1,3
BRDA:92,7,0,0
BRDA:92,7,1,3
BRF:16
BRH:11
end_of_record
